<?xml version="1.0" encoding="UTF-8"?>
<!-- Generated by org.testng.reporters.JUnitReportReporter -->
<testsuite hostname="IN-5CG1042B25" failures="0" tests="1" name="com.test.com.Testerr" time="18.033" errors="0" timestamp="2024-03-09T11:48:46 IST" skipped="0">
  <testcase classname="com.test.com.Testerr" name="calculate1" time="18.033"/>
</testsuite> <!-- com.test.com.Testerr -->
