<?xml version="1.0" encoding="UTF-8"?>
<!-- Generated by org.testng.reporters.JUnitReportReporter -->
<testsuite hostname="IN-5CG1042B25" failures="0" tests="1" name="com.test.Tester" time="0.009" errors="0" timestamp="2024-03-08T17:37:40 IST" skipped="0">
  <testcase classname="com.test.Tester" name="calculate" time="0.009"/>
</testsuite> <!-- com.test.Tester -->
