<?xml version="1.0" encoding="UTF-8"?>
<!-- Generated by org.testng.reporters.JUnitReportReporter -->
<testsuite hostname="IN-5CG1042B25" failures="0" tests="1" name="com.test.com.Testerr" time="17.977" errors="0" timestamp="2024-03-09T11:59:29 IST" skipped="0">
  <testcase classname="com.test.com.Testerr" name="calculate" time="17.977"/>
</testsuite> <!-- com.test.com.Testerr -->
