<?xml version="1.0" encoding="UTF-8"?>
<!-- Generated by org.testng.reporters.JUnitReportReporter -->
<testsuite hostname="IN-5CG1042B25" failures="0" tests="2" name="com.test.com.Testerr" time="50.317" errors="0" timestamp="2024-03-08T18:43:55 IST" skipped="0">
  <testcase classname="com.test.com.Testerr" name="calculate" time="25.533"/>
  <testcase classname="com.test.com.Testerr" name="calculate1" time="24.784"/>
</testsuite> <!-- com.test.com.Testerr -->
